<?xml version="1.0" encoding="UTF-8"?>
<testsuite name="com.tourguide.RewardCentralMicroService.RewardCentralRestControllerUnitTest" tests="1" skipped="0" failures="0" errors="0" timestamp="2021-12-13T16:13:45" hostname="OBS-Desktop" time="0.014">
  <properties/>
  <testcase name="testGetAttractionRewardPoints()" classname="com.tourguide.RewardCentralMicroService.RewardCentralRestControllerUnitTest" time="0.014"/>
  <system-out><![CDATA[]]></system-out>
  <system-err><![CDATA[]]></system-err>
</testsuite>
